<?xml version="1.0" encoding="UTF-8"?>
<!-- Generated by org.testng.reporters.JUnitXMLReporter -->
<testsuite ignored="0" hostname="RFL596" failures="0" tests="6" name="TimeSheet Test" time="64.797" errors="0" timestamp="2022-11-28T20:46:24 IST">
  <testcase classname="testCases.TC_LoginTest_001" name="logintest" time="2.249"/>
  <testcase classname="testCases.TC_ProjectHours_002" name="logintest" time="2.205"/>
  <testcase classname="testCases.TC_ProjectHours_002" name="EnterTimesheet" time="12.388"/>
  <testcase classname="testCases.TC_ProjectHours_002" name="EnterTimesheet" time="12.354"/>
  <testcase classname="testCases.TC_ProjectHours_002" name="EnterTimesheet" time="12.445"/>
  <testcase classname="testCases.TC_ProjectHours_002" name="EnterTimesheet" time="12.389"/>
</testsuite> <!-- TimeSheet Test -->
