<?xml version="1.0" encoding="UTF-8"?>
<!-- Generated by org.testng.reporters.JUnitXMLReporter -->
<testsuite ignored="0" hostname="RFL596" failures="0" tests="6" name="TimeSheet Test" time="70.93" errors="0" timestamp="2022-11-26T23:32:14 IST">
  <testcase classname="testCases.TC_LoginTest_001" name="logintest" time="5.885"/>
  <testcase classname="testCases.TC_ProjectHours_002" name="logintest" time="2.61"/>
  <testcase classname="testCases.TC_ProjectHours_002" name="EnterTimesheet" time="12.368"/>
  <testcase classname="testCases.TC_ProjectHours_002" name="EnterTimesheet" time="12.446"/>
  <testcase classname="testCases.TC_ProjectHours_002" name="EnterTimesheet" time="12.369"/>
  <testcase classname="testCases.TC_ProjectHours_002" name="EnterTimesheet" time="12.352"/>
</testsuite> <!-- TimeSheet Test -->
