<?xml version="1.0" encoding="UTF-8"?>
<!-- Generated by org.testng.reporters.JUnitXMLReporter -->
<testsuite ignored="0" hostname="RFL596" failures="1" tests="3" name="TimeSheet Test" time="14.99" errors="0" timestamp="2022-11-28T20:39:55 IST">
  <testcase classname="testCases.TC_LoginTest_001" name="logintest" time="2.238"/>
  <testcase classname="testCases.TC_ProjectHours_002" name="logintest" time="2.346"/>
  <testcase classname="testCases.TC_ProjectHours_002" name="EnterTimesheet" time="0.0">
    <failure type="java.lang.RuntimeException" message="java.lang.NoClassDefFoundError: org/apache/commons/io/output/UnsynchronizedByteArrayOutputStream">
      <![CDATA[java.lang.RuntimeException: java.lang.NoClassDefFoundError: org/apache/commons/io/output/UnsynchronizedByteArrayOutputStream
at java.base/java.util.ArrayList.forEach(ArrayList.java:1511)
Caused by: java.lang.NoClassDefFoundError: org/apache/commons/io/output/UnsynchronizedByteArrayOutputStream
at utilities.XLUtils.getRowCount(XLUtils.java:20)
at testCases.TC_ProjectHours_002.getData(TC_ProjectHours_002.java:70)
... 29 more
Caused by: java.lang.ClassNotFoundException: org.apache.commons.io.output.UnsynchronizedByteArrayOutputStream
at java.base/jdk.internal.loader.BuiltinClassLoader.loadClass(BuiltinClassLoader.java:641)
at java.base/jdk.internal.loader.ClassLoaders$AppClassLoader.loadClass(ClassLoaders.java:188)
at java.base/java.lang.ClassLoader.loadClass(ClassLoader.java:520)
... 38 more
... Removed 36 stack frames]]>
    </failure>
  </testcase> <!-- EnterTimesheet -->
</testsuite> <!-- TimeSheet Test -->
