<?xml version="1.0" encoding="UTF-8"?>
<testng-results ignored="0" total="1" passed="1" failed="0" skipped="0">
  <reporter-output>
  </reporter-output>
  <suite started-at="2022-10-13T11:32:58 IST" name="Suite" finished-at="2022-10-13T11:33:09 IST" duration-ms="11191">
    <groups>
    </groups>
    <test started-at="2022-10-13T11:32:58 IST" name="TimeSheet Test" finished-at="2022-10-13T11:33:09 IST" duration-ms="11191">
      <class name="testCases.TC_LoginTest_001">
        <test-method is-config="true" signature="setup(java.lang.String)[pri:0, instance:testCases.TC_LoginTest_001@3bb9a3ff]" started-at="2022-10-13T11:32:58 IST" name="setup" finished-at="2022-10-13T11:33:05 IST" duration-ms="6397" status="PASS">
          <params>
            <param index="0">
              <value>
                <![CDATA[chrome]]>
              </value>
            </param>
          </params>
          <reporter-output>
          </reporter-output>
        </test-method> <!-- setup -->
        <test-method signature="logintest()[pri:0, instance:testCases.TC_LoginTest_001@3bb9a3ff]" started-at="2022-10-13T11:33:05 IST" name="logintest" finished-at="2022-10-13T11:33:09 IST" duration-ms="4490" status="PASS">
          <reporter-output>
          </reporter-output>
        </test-method> <!-- logintest -->
        <test-method is-config="true" signature="teardown()[pri:0, instance:testCases.TC_LoginTest_001@3bb9a3ff]" started-at="2022-10-13T11:33:09 IST" name="teardown" finished-at="2022-10-13T11:33:09 IST" duration-ms="0" status="PASS">
          <reporter-output>
          </reporter-output>
        </test-method> <!-- teardown -->
      </class> <!-- testCases.TC_LoginTest_001 -->
    </test> <!-- TimeSheet Test -->
  </suite> <!-- Suite -->
</testng-results>
