<?xml version="1.0" encoding="UTF-8"?>
<testng-results ignored="0" total="5" passed="5" failed="0" skipped="0">
  <reporter-output>
  </reporter-output>
  <suite started-at="2022-09-25T19:55:41 IST" name="Suite" finished-at="2022-09-25T19:56:50 IST" duration-ms="69716">
    <groups>
    </groups>
    <test started-at="2022-09-25T19:55:41 IST" name="TimeSheet Test" finished-at="2022-09-25T19:56:50 IST" duration-ms="69716">
      <class name="testCases.TC_ProjectHours_002">
        <test-method is-config="true" signature="setup(java.lang.String)[pri:0, instance:testCases.TC_ProjectHours_002@639c2c1d]" started-at="2022-09-25T19:55:41 IST" name="setup" finished-at="2022-09-25T19:55:51 IST" duration-ms="9608" status="PASS">
          <params>
            <param index="0">
              <value>
                <![CDATA[chrome]]>
              </value>
            </param>
          </params>
          <reporter-output>
          </reporter-output>
        </test-method> <!-- setup -->
        <test-method signature="logintest()[pri:1, instance:testCases.TC_ProjectHours_002@639c2c1d]" started-at="2022-09-25T19:55:51 IST" name="logintest" finished-at="2022-09-25T19:55:58 IST" duration-ms="7006" status="PASS">
          <reporter-output>
          </reporter-output>
        </test-method> <!-- logintest -->
        <test-method signature="EnterTimesheet(java.lang.String,java.lang.String,java.lang.String)[pri:2, instance:testCases.TC_ProjectHours_002@639c2c1d]" started-at="2022-09-25T19:55:59 IST" name="EnterTimesheet" data-provider="TC_001-Timesheet" finished-at="2022-09-25T19:56:12 IST" duration-ms="12777" status="PASS">
          <params>
            <param index="0">
              <value>
                <![CDATA[1]]>
              </value>
            </param>
            <param index="1">
              <value>
                <![CDATA[8]]>
              </value>
            </param>
            <param index="2">
              <value>
                <![CDATA[Learning]]>
              </value>
            </param>
          </params>
          <reporter-output>
          </reporter-output>
        </test-method> <!-- EnterTimesheet -->
        <test-method signature="EnterTimesheet(java.lang.String,java.lang.String,java.lang.String)[pri:2, instance:testCases.TC_ProjectHours_002@639c2c1d]" started-at="2022-09-25T19:56:12 IST" name="EnterTimesheet" data-provider="TC_001-Timesheet" finished-at="2022-09-25T19:56:25 IST" duration-ms="12696" status="PASS">
          <params>
            <param index="0">
              <value>
                <![CDATA[2]]>
              </value>
            </param>
            <param index="1">
              <value>
                <![CDATA[8]]>
              </value>
            </param>
            <param index="2">
              <value>
                <![CDATA[Other]]>
              </value>
            </param>
          </params>
          <reporter-output>
          </reporter-output>
        </test-method> <!-- EnterTimesheet -->
        <test-method signature="EnterTimesheet(java.lang.String,java.lang.String,java.lang.String)[pri:2, instance:testCases.TC_ProjectHours_002@639c2c1d]" started-at="2022-09-25T19:56:25 IST" name="EnterTimesheet" data-provider="TC_001-Timesheet" finished-at="2022-09-25T19:56:38 IST" duration-ms="12737" status="PASS">
          <params>
            <param index="0">
              <value>
                <![CDATA[3]]>
              </value>
            </param>
            <param index="1">
              <value>
                <![CDATA[8]]>
              </value>
            </param>
            <param index="2">
              <value>
                <![CDATA[Personal Leave]]>
              </value>
            </param>
          </params>
          <reporter-output>
          </reporter-output>
        </test-method> <!-- EnterTimesheet -->
        <test-method signature="EnterTimesheet(java.lang.String,java.lang.String,java.lang.String)[pri:2, instance:testCases.TC_ProjectHours_002@639c2c1d]" started-at="2022-09-25T19:56:38 IST" name="EnterTimesheet" data-provider="TC_001-Timesheet" finished-at="2022-09-25T19:56:50 IST" duration-ms="12690" status="PASS">
          <params>
            <param index="0">
              <value>
                <![CDATA[4]]>
              </value>
            </param>
            <param index="1">
              <value>
                <![CDATA[8]]>
              </value>
            </param>
            <param index="2">
              <value>
                <![CDATA[Diwali]]>
              </value>
            </param>
          </params>
          <reporter-output>
          </reporter-output>
        </test-method> <!-- EnterTimesheet -->
        <test-method is-config="true" signature="teardown()[pri:0, instance:testCases.TC_ProjectHours_002@639c2c1d]" started-at="2022-09-25T19:56:50 IST" name="teardown" finished-at="2022-09-25T19:56:50 IST" duration-ms="0" status="PASS">
          <reporter-output>
          </reporter-output>
        </test-method> <!-- teardown -->
      </class> <!-- testCases.TC_ProjectHours_002 -->
    </test> <!-- TimeSheet Test -->
  </suite> <!-- Suite -->
</testng-results>
