<?xml version="1.0" encoding="UTF-8"?>
<testng-results ignored="0" total="6" passed="6" failed="0" skipped="0">
  <reporter-output>
  </reporter-output>
  <suite started-at="2022-11-26T23:31:03 IST" name="Suite" finished-at="2022-11-26T23:32:14 IST" duration-ms="70930">
    <groups>
    </groups>
    <test started-at="2022-11-26T23:31:03 IST" name="TimeSheet Test" finished-at="2022-11-26T23:32:14 IST" duration-ms="70930">
      <class name="testCases.TC_ProjectHours_002">
        <test-method is-config="true" signature="setup(java.lang.String)[pri:0, instance:testCases.TC_ProjectHours_002@51399530]" started-at="2022-11-26T23:31:16 IST" name="setup" finished-at="2022-11-26T23:31:20 IST" duration-ms="4671" status="PASS">
          <params>
            <param index="0">
              <value>
                <![CDATA[chrome]]>
              </value>
            </param>
          </params>
          <reporter-output>
          </reporter-output>
        </test-method> <!-- setup -->
        <test-method signature="logintest()[pri:1, instance:testCases.TC_ProjectHours_002@51399530]" started-at="2022-11-26T23:31:20 IST" name="logintest" finished-at="2022-11-26T23:31:23 IST" duration-ms="2610" status="PASS">
          <reporter-output>
          </reporter-output>
        </test-method> <!-- logintest -->
        <test-method signature="EnterTimesheet(java.lang.String,java.lang.String,java.lang.String)[pri:2, instance:testCases.TC_ProjectHours_002@51399530]" started-at="2022-11-26T23:31:24 IST" name="EnterTimesheet" data-provider="TC_001-Timesheet" finished-at="2022-11-26T23:31:36 IST" duration-ms="12368" status="PASS">
          <params>
            <param index="0">
              <value>
                <![CDATA[1]]>
              </value>
            </param>
            <param index="1">
              <value>
                <![CDATA[8]]>
              </value>
            </param>
            <param index="2">
              <value>
                <![CDATA[Learning]]>
              </value>
            </param>
          </params>
          <reporter-output>
          </reporter-output>
        </test-method> <!-- EnterTimesheet -->
        <test-method signature="EnterTimesheet(java.lang.String,java.lang.String,java.lang.String)[pri:2, instance:testCases.TC_ProjectHours_002@51399530]" started-at="2022-11-26T23:31:36 IST" name="EnterTimesheet" data-provider="TC_001-Timesheet" finished-at="2022-11-26T23:31:49 IST" duration-ms="12446" status="PASS">
          <params>
            <param index="0">
              <value>
                <![CDATA[2]]>
              </value>
            </param>
            <param index="1">
              <value>
                <![CDATA[8]]>
              </value>
            </param>
            <param index="2">
              <value>
                <![CDATA[Other]]>
              </value>
            </param>
          </params>
          <reporter-output>
          </reporter-output>
        </test-method> <!-- EnterTimesheet -->
        <test-method signature="EnterTimesheet(java.lang.String,java.lang.String,java.lang.String)[pri:2, instance:testCases.TC_ProjectHours_002@51399530]" started-at="2022-11-26T23:31:49 IST" name="EnterTimesheet" data-provider="TC_001-Timesheet" finished-at="2022-11-26T23:32:01 IST" duration-ms="12369" status="PASS">
          <params>
            <param index="0">
              <value>
                <![CDATA[3]]>
              </value>
            </param>
            <param index="1">
              <value>
                <![CDATA[8]]>
              </value>
            </param>
            <param index="2">
              <value>
                <![CDATA[Personal Leave]]>
              </value>
            </param>
          </params>
          <reporter-output>
          </reporter-output>
        </test-method> <!-- EnterTimesheet -->
        <test-method signature="EnterTimesheet(java.lang.String,java.lang.String,java.lang.String)[pri:2, instance:testCases.TC_ProjectHours_002@51399530]" started-at="2022-11-26T23:32:01 IST" name="EnterTimesheet" data-provider="TC_001-Timesheet" finished-at="2022-11-26T23:32:14 IST" duration-ms="12352" status="PASS">
          <params>
            <param index="0">
              <value>
                <![CDATA[4]]>
              </value>
            </param>
            <param index="1">
              <value>
                <![CDATA[8]]>
              </value>
            </param>
            <param index="2">
              <value>
                <![CDATA[Diwali]]>
              </value>
            </param>
          </params>
          <reporter-output>
          </reporter-output>
        </test-method> <!-- EnterTimesheet -->
        <test-method is-config="true" signature="teardown()[pri:0, instance:testCases.TC_ProjectHours_002@51399530]" started-at="2022-11-26T23:32:14 IST" name="teardown" finished-at="2022-11-26T23:32:14 IST" duration-ms="1" status="PASS">
          <reporter-output>
          </reporter-output>
        </test-method> <!-- teardown -->
      </class> <!-- testCases.TC_ProjectHours_002 -->
      <class name="testCases.TC_LoginTest_001">
        <test-method is-config="true" signature="setup(java.lang.String)[pri:0, instance:testCases.TC_LoginTest_001@5fe94a96]" started-at="2022-11-26T23:31:03 IST" name="setup" finished-at="2022-11-26T23:31:10 IST" duration-ms="6776" status="PASS">
          <params>
            <param index="0">
              <value>
                <![CDATA[chrome]]>
              </value>
            </param>
          </params>
          <reporter-output>
          </reporter-output>
        </test-method> <!-- setup -->
        <test-method signature="logintest()[pri:0, instance:testCases.TC_LoginTest_001@5fe94a96]" started-at="2022-11-26T23:31:10 IST" name="logintest" finished-at="2022-11-26T23:31:16 IST" duration-ms="5885" status="PASS">
          <reporter-output>
          </reporter-output>
        </test-method> <!-- logintest -->
        <test-method is-config="true" signature="teardown()[pri:0, instance:testCases.TC_LoginTest_001@5fe94a96]" started-at="2022-11-26T23:31:16 IST" name="teardown" finished-at="2022-11-26T23:31:16 IST" duration-ms="0" status="PASS">
          <reporter-output>
          </reporter-output>
        </test-method> <!-- teardown -->
      </class> <!-- testCases.TC_LoginTest_001 -->
    </test> <!-- TimeSheet Test -->
  </suite> <!-- Suite -->
</testng-results>
